#
# There is insufficient memory for the Java Runtime Environment to continue.
# Native memory allocation (malloc) failed to allocate 32744 bytes for ChunkPool::allocate
# Possible reasons:
#   The system is out of physical RAM or swap space
#   In 32 bit mode, the process size limit was hit
# Possible solutions:
#   Reduce memory load on the system
#   Increase physical memory or swap space
#   Check if swap backing store is full
#   Use 64 bit Java on a 64 bit OS
#   Decrease Java heap size (-Xmx/-Xms)
#   Decrease number of Java threads
#   Decrease Java thread stack sizes (-Xss)
#   Set larger code cache with -XX:ReservedCodeCacheSize=
# This output file may be truncated or incomplete.
#
#  Out of Memory Error (allocation.cpp:273), pid=8412, tid=0x00000000000022e8
#
# JRE version: OpenJDK Runtime Environment (8.0_152-b01) (build 1.8.0_152-release-1343-b01)
# Java VM: OpenJDK 64-Bit Server VM (25.152-b01 mixed mode windows-amd64 compressed oops)
# Failed to write core dump. Minidumps are not enabled by default on client versions of Windows
#

---------------  T H R E A D  ---------------

Current thread (0x00000000164ce000):  JavaThread "C2 CompilerThread1" daemon [_thread_in_native, id=8936, stack(0x0000000017c20000,0x0000000017d20000)]

Stack: [0x0000000017c20000,0x0000000017d20000]
[error occurred during error reporting (printing stack bounds), id 0xc0000005]

Native frames: (J=compiled Java code, j=interpreted, Vv=VM code, C=native code)


Current CompileTask:
C2: 130314 9895       4       org.objectweb.asm.ClassReader::readCode (3575 bytes)


---------------  P R O C E S S  ---------------

Java Threads: ( => current thread )
  0x0000000018825800 JavaThread "ForkJoinPool.commonPool-worker-0" daemon [_thread_in_native, id=5832, stack(0x00000000251e0000,0x00000000252e0000)]
  0x0000000018825000 JavaThread "ForkJoinPool.commonPool-worker-3" daemon [_thread_in_native, id=560, stack(0x00000000246e0000,0x00000000247e0000)]
  0x0000000018824000 JavaThread "ForkJoinPool.commonPool-worker-2" daemon [_thread_in_native, id=7676, stack(0x0000000024ee0000,0x0000000024fe0000)]
  0x000000001881c800 JavaThread "Cache worker for Java compile cache (C:\Users\acer\Documents\smkcoding_online_project_1\Biodatadiri\.gradle\5.1.1\javaCompile)" [_thread_blocked, id=5416, stack(0x0000000024de0000,0x0000000024ee0000)]
  0x0000000018823800 JavaThread "Cache worker for Java compile cache (C:\Users\acer\.gradle\caches\5.1.1\javaCompile)" [_thread_blocked, id=5212, stack(0x0000000024ce0000,0x0000000024de0000)]
  0x000000001881b800 JavaThread "RMI TCP Connection(1)-127.0.0.1" daemon [_thread_in_native, id=8036, stack(0x0000000024be0000,0x0000000024ce0000)]
  0x0000000018822800 JavaThread "RMI Reaper" [_thread_blocked, id=5116, stack(0x0000000024ae0000,0x0000000024be0000)]
  0x0000000018821000 JavaThread "RMI TCP Accept-0" daemon [_thread_in_native, id=11288, stack(0x00000000249e0000,0x0000000024ae0000)]
  0x0000000018820000 JavaThread "GC Daemon" daemon [_thread_blocked, id=2892, stack(0x00000000247e0000,0x00000000248e0000)]
  0x0000000018818000 JavaThread "RMI Scheduler(0)" daemon [_thread_blocked, id=6204, stack(0x0000000023ce0000,0x0000000023de0000)]
  0x0000000018818800 JavaThread "stdout" daemon [_thread_in_native, id=7236, stack(0x0000000023fe0000,0x00000000240e0000)]
  0x000000001881f800 JavaThread "stderr" daemon [_thread_in_native, id=8384, stack(0x0000000023ee0000,0x0000000023fe0000)]
  0x0000000018819800 JavaThread "pool-2-thread-1" [_thread_blocked, id=5624, stack(0x0000000023de0000,0x0000000023ee0000)]
  0x000000001881e000 JavaThread "Cache worker for execution history cache (C:\Users\acer\Documents\smkcoding_online_project_1\Biodatadiri\.gradle\5.1.1\executionHistory)" [_thread_blocked, id=1352, stack(0x00000000239e0000,0x0000000023ae0000)]
  0x000000001881d000 JavaThread "Execution worker for ':' Thread 3" [_thread_blocked, id=6508, stack(0x00000000238e0000,0x00000000239e0000)]
  0x0000000019589000 JavaThread "Execution worker for ':' Thread 2" [_thread_blocked, id=12036, stack(0x00000000237e0000,0x00000000238e0000)]
  0x000000001bdbd000 JavaThread "Execution worker for ':'" [_thread_blocked, id=7188, stack(0x000000001ab70000,0x000000001ac70000)]
  0x000000001bdbc800 JavaThread "Cache worker for file content cache (C:\Users\acer\Documents\smkcoding_online_project_1\Biodatadiri\.gradle\5.1.1\fileContent)" [_thread_blocked, id=3632, stack(0x00000000234e0000,0x00000000235e0000)]
  0x000000001bdb8800 JavaThread "Cache worker for file content cache (C:\Users\acer\.gradle\caches\5.1.1\fileContent)" [_thread_blocked, id=7772, stack(0x00000000233e0000,0x00000000234e0000)]
  0x000000001bdb5800 JavaThread "Memory manager" [_thread_blocked, id=10080, stack(0x0000000000e40000,0x0000000000f40000)]
  0x000000001bdbb800 JavaThread "Cache worker for Build Output Cleanup Cache (C:\Users\acer\Documents\smkcoding_online_project_1\Biodatadiri\.gradle\buildOutputCleanup)" [_thread_blocked, id=9524, stack(0x0000000000f40000,0x0000000001040000)]
  0x000000001bdba000 JavaThread "Build operations Thread 4" [_thread_blocked, id=8216, stack(0x0000000020b20000,0x0000000020c20000)]
  0x000000001bdb9800 JavaThread "Build operations Thread 3" [_thread_blocked, id=6924, stack(0x0000000020a20000,0x0000000020b20000)]
  0x000000001bdbb000 JavaThread "Build operations Thread 2" [_thread_blocked, id=7424, stack(0x0000000020920000,0x0000000020a20000)]
  0x000000001bdae000 JavaThread "Build operations" [_thread_blocked, id=9948, stack(0x000000001e6a0000,0x000000001e7a0000)]
  0x000000001bdb5000 JavaThread "Cache worker for execution history cache (C:\Users\acer\.gradle\caches\5.1.1\executionHistory)" [_thread_blocked, id=9656, stack(0x000000001d510000,0x000000001d610000)]
  0x000000001bdb2000 JavaThread "Cache worker for cache directory md-rule (C:\Users\acer\.gradle\caches\5.1.1\md-rule)" [_thread_blocked, id=8172, stack(0x0000000020420000,0x0000000020520000)]
  0x000000001bdb3800 JavaThread "Cache worker for cache directory md-supplier (C:\Users\acer\.gradle\caches\5.1.1\md-supplier)" [_thread_blocked, id=892, stack(0x000000001fa60000,0x000000001fb60000)]
  0x000000001958d800 JavaThread "Cache worker for file hash cache (C:\Users\acer\Documents\smkcoding_online_project_1\Biodatadiri\.gradle\5.1.1\fileHashes)" [_thread_blocked, id=4568, stack(0x000000001d210000,0x000000001d310000)]
  0x000000001958e000 JavaThread "Cache worker for journal cache (C:\Users\acer\.gradle\caches\journal-1)" [_thread_blocked, id=9896, stack(0x000000001af70000,0x000000001b070000)]
  0x000000001958c800 JavaThread "File lock request listener" [_thread_in_native, id=5264, stack(0x000000001ae70000,0x000000001af70000)]
  0x000000001958f000 JavaThread "Cache worker for file hash cache (C:\Users\acer\.gradle\caches\5.1.1\fileHashes)" [_thread_blocked, id=1104, stack(0x000000001ad70000,0x000000001ae70000)]
  0x0000000019589800 JavaThread "Thread-8" [_thread_blocked, id=1092, stack(0x000000001ac70000,0x000000001ad70000)]
  0x000000001958a800 JavaThread "Asynchronous log dispatcher for DefaultDaemonConnection: socket connection from /127.0.0.1:54425 to /127.0.0.1:54426" [_thread_blocked, id=2196, stack(0x000000001aa70000,0x000000001ab70000)]
  0x000000001958c000 JavaThread "Daemon worker" [_thread_blocked, id=8060, stack(0x000000001a970000,0x000000001aa70000)]
  0x000000001958b000 JavaThread "Cancel handler" [_thread_blocked, id=11752, stack(0x000000001a870000,0x000000001a970000)]
  0x00000000195a5000 JavaThread "Handler for socket connection from /127.0.0.1:54425 to /127.0.0.1:54426" [_thread_in_native, id=10480, stack(0x000000001a570000,0x000000001a670000)]
  0x00000000195a3800 JavaThread "Daemon" [_thread_blocked, id=9408, stack(0x000000001a470000,0x000000001a570000)]
  0x0000000019591000 JavaThread "Daemon periodic checks" [_thread_blocked, id=11428, stack(0x000000001a370000,0x000000001a470000)]
  0x00000000194dc800 JavaThread "Incoming local TCP Connector on port 54425" [_thread_in_native, id=11160, stack(0x000000001a130000,0x000000001a230000)]
  0x0000000017e48800 JavaThread "Service Thread" daemon [_thread_blocked, id=9692, stack(0x0000000018220000,0x0000000018320000)]
  0x00000000164d7800 JavaThread "C1 CompilerThread2" daemon [_thread_blocked, id=8496, stack(0x0000000017d20000,0x0000000017e20000)]
=>0x00000000164ce000 JavaThread "C2 CompilerThread1" daemon [_thread_in_native, id=8936, stack(0x0000000017c20000,0x0000000017d20000)]
  0x00000000164c7800 JavaThread "C2 CompilerThread0" daemon [_thread_blocked, id=6248, stack(0x0000000017b20000,0x0000000017c20000)]
  0x00000000164d5800 JavaThread "Attach Listener" daemon [_thread_blocked, id=11692, stack(0x0000000017a20000,0x0000000017b20000)]
  0x00000000164d4000 JavaThread "Signal Dispatcher" daemon [_thread_blocked, id=8644, stack(0x0000000017920000,0x0000000017a20000)]
  0x0000000002b5b000 JavaThread "Finalizer" daemon [_thread_blocked, id=6864, stack(0x0000000017720000,0x0000000017820000)]
  0x0000000002b50000 JavaThread "Reference Handler" daemon [_thread_blocked, id=5224, stack(0x0000000017620000,0x0000000017720000)]
  0x000000000288d800 JavaThread "main" [_thread_blocked, id=8856, stack(0x0000000002960000,0x0000000002a60000)]

Other Threads:
  0x0000000016495800 VMThread [stack: 0x0000000017520000,0x0000000017620000] [id=5596]
  0x000000001652d800 WatcherThread [stack: 0x0000000018320000,0x0000000018420000] [id=9972]

VM state:not at safepoint (normal execution)

VM Mutex/Monitor currently owned by a thread: None

Heap:
 PSYoungGen      total 193024K, used 80829K [0x00000000e0000000, 0x00000000eef80000, 0x0000000100000000)
  eden space 173568K, 38% used [0x00000000e0000000,0x00000000e41adf90,0x00000000ea980000)
  from space 19456K, 69% used [0x00000000ea980000,0x00000000eb6c1698,0x00000000ebc80000)
  to   space 20480K, 0% used [0x00000000edb80000,0x00000000edb80000,0x00000000eef80000)
 ParOldGen       total 112128K, used 50678K [0x00000000a0000000, 0x00000000a6d80000, 0x00000000e0000000)
  object space 112128K, 45% used [0x00000000a0000000,0x00000000a317d830,0x00000000a6d80000)
 Metaspace       used 73466K, capacity 75904K, committed 76120K, reserved 1116160K
  class space    used 9845K, capacity 10331K, committed 10368K, reserved 1048576K

Card table byte_map: [0x0000000011f20000,0x0000000012230000] byte_map_base: 0x0000000011a20000

Marking Bits: (ParMarkBitMap*) 0x0000000068a15aa0
 Begin Bits: [0x0000000012830000, 0x0000000014030000)
 End Bits:   [0x0000000014030000, 0x0000000015830000)

Polling page: 0x0000000000c30000

CodeCache: size=245760Kb used=26507Kb max_used=26518Kb free=219252Kb
 bounds [0x0000000002b60000, 0x0000000004570000, 0x0000000011b60000]
 total_blobs=9366 nmethods=8514 adapters=766
 compilation: enabled

Compilation events (10 events):
Event: 129.572 Thread 0x00000000164d7800 nmethod 9967 0x0000000003789fd0 code [0x000000000378a320, 0x000000000378be08]
Event: 129.572 Thread 0x00000000164d7800 9969       1       org.objectweb.asm.tree.AbstractInsnNode::getOpcode (5 bytes)
Event: 129.572 Thread 0x00000000164d7800 nmethod 9969 0x0000000003d52390 code [0x0000000003d524e0, 0x0000000003d525f0]
Event: 129.572 Thread 0x00000000164d7800 9973       1       org.objectweb.asm.tree.InsnList::size (5 bytes)
Event: 129.573 Thread 0x00000000164d7800 nmethod 9973 0x0000000004085490 code [0x00000000040855e0, 0x00000000040856f0]
Event: 129.586 Thread 0x00000000164c7800 nmethod 10002 0x00000000030eabd0 code [0x00000000030eaea0, 0x00000000030eb828]
Event: 129.586 Thread 0x00000000164c7800 9984       4       java.util.TimSort::binarySort (223 bytes)
Event: 129.594 Thread 0x00000000164c7800 nmethod 9984 0x0000000002dd6350 code [0x0000000002dd64a0, 0x0000000002dd6998]
Event: 129.594 Thread 0x00000000164c7800 9985       4       com.android.build.gradle.internal.incremental.StringSwitch$$Lambda$477/1559555572::apply (10 bytes)
Event: 129.595 Thread 0x00000000164c7800 nmethod 9985 0x0000000003f50690 code [0x0000000003f507e0, 0x0000000003f508d8]

GC Heap History (10 events):
Event: 51.790 GC heap before
{Heap before GC invocations=12 (full 2):
 PSYoungGen      total 148480K, used 137728K [0x00000000e0000000, 0x00000000e9f80000, 0x0000000100000000)
  eden space 137728K, 100% used [0x00000000e0000000,0x00000000e8680000,0x00000000e8680000)
  from space 10752K, 0% used [0x00000000e9200000,0x00000000e9200000,0x00000000e9c80000)
  to   space 3072K, 0% used [0x00000000e9c80000,0x00000000e9c80000,0x00000000e9f80000)
 ParOldGen       total 68096K, used 19280K [0x00000000a0000000, 0x00000000a4280000, 0x00000000e0000000)
  object space 68096K, 28% used [0x00000000a0000000,0x00000000a12d4118,0x00000000a4280000)
 Metaspace       used 46854K, capacity 47786K, committed 48128K, reserved 1091584K
  class space    used 6300K, capacity 6570K, committed 6656K, reserved 1048576K
Event: 51.815 GC heap after
Heap after GC invocations=12 (full 2):
 PSYoungGen      total 146944K, used 3044K [0x00000000e0000000, 0x00000000eca80000, 0x0000000100000000)
  eden space 143872K, 0% used [0x00000000e0000000,0x00000000e0000000,0x00000000e8c80000)
  from space 3072K, 99% used [0x00000000e9c80000,0x00000000e9f79300,0x00000000e9f80000)
  to   space 16384K, 0% used [0x00000000e8c80000,0x00000000e8c80000,0x00000000e9c80000)
 ParOldGen       total 68096K, used 33114K [0x00000000a0000000, 0x00000000a4280000, 0x00000000e0000000)
  object space 68096K, 48% used [0x00000000a0000000,0x00000000a2056950,0x00000000a4280000)
 Metaspace       used 46854K, capacity 47786K, committed 48128K, reserved 1091584K
  class space    used 6300K, capacity 6570K, committed 6656K, reserved 1048576K
}
Event: 60.038 GC heap before
{Heap before GC invocations=13 (full 2):
 PSYoungGen      total 146944K, used 108943K [0x00000000e0000000, 0x00000000eca80000, 0x0000000100000000)
  eden space 143872K, 73% used [0x00000000e0000000,0x00000000e676ab10,0x00000000e8c80000)
  from space 3072K, 99% used [0x00000000e9c80000,0x00000000e9f79300,0x00000000e9f80000)
  to   space 16384K, 0% used [0x00000000e8c80000,0x00000000e8c80000,0x00000000e9c80000)
 ParOldGen       total 68096K, used 33114K [0x00000000a0000000, 0x00000000a4280000, 0x00000000e0000000)
  object space 68096K, 48% used [0x00000000a0000000,0x00000000a2056950,0x00000000a4280000)
 Metaspace       used 57510K, capacity 58976K, committed 59096K, reserved 1099776K
  class space    used 7741K, capacity 8113K, committed 8192K, reserved 1048576K
Event: 60.063 GC heap after
Heap after GC invocations=13 (full 2):
 PSYoungGen      total 160256K, used 11408K [0x00000000e0000000, 0x00000000ecf80000, 0x0000000100000000)
  eden space 143872K, 0% used [0x00000000e0000000,0x00000000e0000000,0x00000000e8c80000)
  from space 16384K, 69% used [0x00000000e8c80000,0x00000000e97a4120,0x00000000e9c80000)
  to   space 16896K, 0% used [0x00000000ebf00000,0x00000000ebf00000,0x00000000ecf80000)
 ParOldGen       total 68096K, used 36252K [0x00000000a0000000, 0x00000000a4280000, 0x00000000e0000000)
  object space 68096K, 53% used [0x00000000a0000000,0x00000000a2367390,0x00000000a4280000)
 Metaspace       used 57510K, capacity 58976K, committed 59096K, reserved 1099776K
  class space    used 7741K, capacity 8113K, committed 8192K, reserved 1048576K
}
Event: 60.064 GC heap before
{Heap before GC invocations=14 (full 3):
 PSYoungGen      total 160256K, used 11408K [0x00000000e0000000, 0x00000000ecf80000, 0x0000000100000000)
  eden space 143872K, 0% used [0x00000000e0000000,0x00000000e0000000,0x00000000e8c80000)
  from space 16384K, 69% used [0x00000000e8c80000,0x00000000e97a4120,0x00000000e9c80000)
  to   space 16896K, 0% used [0x00000000ebf00000,0x00000000ebf00000,0x00000000ecf80000)
 ParOldGen       total 68096K, used 36252K [0x00000000a0000000, 0x00000000a4280000, 0x00000000e0000000)
  object space 68096K, 53% used [0x00000000a0000000,0x00000000a2367390,0x00000000a4280000)
 Metaspace       used 57510K, capacity 58976K, committed 59096K, reserved 1099776K
  class space    used 7741K, capacity 8113K, committed 8192K, reserved 1048576K
Event: 60.364 GC heap after
Heap after GC invocations=14 (full 3):
 PSYoungGen      total 160256K, used 0K [0x00000000e0000000, 0x00000000ecf80000, 0x0000000100000000)
  eden space 143872K, 0% used [0x00000000e0000000,0x00000000e0000000,0x00000000e8c80000)
  from space 16384K, 0% used [0x00000000e8c80000,0x00000000e8c80000,0x00000000e9c80000)
  to   space 16896K, 0% used [0x00000000ebf00000,0x00000000ebf00000,0x00000000ecf80000)
 ParOldGen       total 112128K, used 41525K [0x00000000a0000000, 0x00000000a6d80000, 0x00000000e0000000)
  object space 112128K, 37% used [0x00000000a0000000,0x00000000a288d410,0x00000000a6d80000)
 Metaspace       used 57510K, capacity 58976K, committed 59096K, reserved 1099776K
  class space    used 7741K, capacity 8113K, committed 8192K, reserved 1048576K
}
Event: 72.979 GC heap before
{Heap before GC invocations=15 (full 3):
 PSYoungGen      total 160256K, used 143872K [0x00000000e0000000, 0x00000000ecf80000, 0x0000000100000000)
  eden space 143872K, 100% used [0x00000000e0000000,0x00000000e8c80000,0x00000000e8c80000)
  from space 16384K, 0% used [0x00000000e8c80000,0x00000000e8c80000,0x00000000e9c80000)
  to   space 16896K, 0% used [0x00000000ebf00000,0x00000000ebf00000,0x00000000ecf80000)
 ParOldGen       total 112128K, used 41525K [0x00000000a0000000, 0x00000000a6d80000, 0x00000000e0000000)
  object space 112128K, 37% used [0x00000000a0000000,0x00000000a288d410,0x00000000a6d80000)
 Metaspace       used 63399K, capacity 65318K, committed 65624K, reserved 1105920K
  class space    used 8547K, capacity 8974K, committed 9088K, reserved 1048576K
Event: 73.023 GC heap after
Heap after GC invocations=15 (full 3):
 PSYoungGen      total 190464K, used 16871K [0x00000000e0000000, 0x00000000ecf80000, 0x0000000100000000)
  eden space 173568K, 0% used [0x00000000e0000000,0x00000000e0000000,0x00000000ea980000)
  from space 16896K, 99% used [0x00000000ebf00000,0x00000000ecf79e10,0x00000000ecf80000)
  to   space 19456K, 0% used [0x00000000ea980000,0x00000000ea980000,0x00000000ebc80000)
 ParOldGen       total 112128K, used 42079K [0x00000000a0000000, 0x00000000a6d80000, 0x00000000e0000000)
  object space 112128K, 37% used [0x00000000a0000000,0x00000000a2917da8,0x00000000a6d80000)
 Metaspace       used 63399K, capacity 65318K, committed 65624K, reserved 1105920K
  class space    used 8547K, capacity 8974K, committed 9088K, reserved 1048576K
}
Event: 124.968 GC heap before
{Heap before GC invocations=16 (full 3):
 PSYoungGen      total 190464K, used 190439K [0x00000000e0000000, 0x00000000ecf80000, 0x0000000100000000)
  eden space 173568K, 100% used [0x00000000e0000000,0x00000000ea980000,0x00000000ea980000)
  from space 16896K, 99% used [0x00000000ebf00000,0x00000000ecf79e10,0x00000000ecf80000)
  to   space 19456K, 0% used [0x00000000ea980000,0x00000000ea980000,0x00000000ebc80000)
 ParOldGen       total 112128K, used 42079K [0x00000000a0000000, 0x00000000a6d80000, 0x00000000e0000000)
  object space 112128K, 37% used [0x00000000a0000000,0x00000000a2917da8,0x00000000a6d80000)
 Metaspace       used 71125K, capacity 73312K, committed 73560K, reserved 1112064K
  class space    used 9581K, capacity 10068K, committed 10112K, reserved 1048576K
Event: 125.011 GC heap after
Heap after GC invocations=16 (full 3):
 PSYoungGen      total 193024K, used 13573K [0x00000000e0000000, 0x00000000eef80000, 0x0000000100000000)
  eden space 173568K, 0% used [0x00000000e0000000,0x00000000e0000000,0x00000000ea980000)
  from space 19456K, 69% used [0x00000000ea980000,0x00000000eb6c1698,0x00000000ebc80000)
  to   space 20480K, 0% used [0x00000000edb80000,0x00000000edb80000,0x00000000eef80000)
 ParOldGen       total 112128K, used 50678K [0x00000000a0000000, 0x00000000a6d80000, 0x00000000e0000000)
  object space 112128K, 45% used [0x00000000a0000000,0x00000000a317d830,0x00000000a6d80000)
 Metaspace       used 71125K, capacity 73312K, committed 73560K, reserved 1112064K
  class space    used 9581K, capacity 10068K, committed 10112K, reserved 1048576K
}

Deoptimization events (10 events):
Event: 127.214 Thread 0x0000000019589000 Uncommon trap: reason=unstable_if action=reinterpret pc=0x000000000421bd28 method=java.util.concurrent.ConcurrentHashMap.addCount(JI)V @ 97
Event: 127.421 Thread 0x000000001bdbd000 Uncommon trap: reason=unstable_if action=reinterpret pc=0x0000000002c8daec method=java.util.concurrent.ConcurrentHashMap.get(Ljava/lang/Object;)Ljava/lang/Object; @ 86
Event: 128.079 Thread 0x000000001881d000 Uncommon trap: reason=class_check action=maybe_recompile pc=0x0000000003fd9170 method=com.google.common.collect.AbstractMapBasedMultimap$WrappedCollection.refreshIfEmpty()V @ 40
Event: 128.079 Thread 0x000000001881d000 Uncommon trap: reason=class_check action=maybe_recompile pc=0x0000000003fd9170 method=com.google.common.collect.AbstractMapBasedMultimap$WrappedCollection.refreshIfEmpty()V @ 40
Event: 128.079 Thread 0x000000001881d000 Uncommon trap: reason=class_check action=maybe_recompile pc=0x0000000003fd9170 method=com.google.common.collect.AbstractMapBasedMultimap$WrappedCollection.refreshIfEmpty()V @ 40
Event: 128.079 Thread 0x000000001881d000 Uncommon trap: reason=class_check action=maybe_recompile pc=0x0000000003fd9170 method=com.google.common.collect.AbstractMapBasedMultimap$WrappedCollection.refreshIfEmpty()V @ 40
Event: 128.545 Thread 0x000000001881d000 Uncommon trap: reason=class_check action=maybe_recompile pc=0x0000000004181b40 method=java.util.Spliterators$1Adapter.hasNext()Z @ 12
Event: 128.545 Thread 0x000000001881d000 Uncommon trap: reason=class_check action=maybe_recompile pc=0x00000000044875a8 method=java.lang.StringCoding.encode(Ljava/nio/charset/Charset;[CII)[B @ 1
Event: 128.546 Thread 0x000000001881d000 Uncommon trap: reason=class_check action=maybe_recompile pc=0x00000000044875a8 method=java.lang.StringCoding.encode(Ljava/nio/charset/Charset;[CII)[B @ 1
Event: 129.083 Thread 0x0000000018824000 Uncommon trap: reason=unstable_if action=reinterpret pc=0x00000000038fb5ec method=java.util.regex.Matcher.appendReplacement(Ljava/lang/StringBuffer;Ljava/lang/String;)Ljava/util/regex/Matcher; @ 47

Classes redefined (0 events):
No events

Internal exceptions (10 events):
Event: 107.021 Thread 0x000000001958c000 Exception <a 'java/lang/NoSuchMethodError': <clinit>> (0x00000000e7e30908) thrown at [D:\src\AOSP-openjdk-cygwin\jdk8u\hotspot\src\share\vm\prims\jni.cpp, line 1613]
Event: 107.131 Thread 0x0000000018822000 Exception <a 'java/lang/InterruptedException'> (0x00000000e80856a8) thrown at [D:\src\AOSP-openjdk-cygwin\jdk8u\hotspot\src\share\vm\runtime\objectMonitor.cpp, line 1684]
Event: 107.211 Thread 0x000000001958c000 Exception <a 'java/lang/NoSuchMethodError': <clinit>> (0x00000000e7e8aa60) thrown at [D:\src\AOSP-openjdk-cygwin\jdk8u\hotspot\src\share\vm\prims\jni.cpp, line 1613]
Event: 107.214 Thread 0x000000001958c000 Exception <a 'java/lang/NoSuchMethodError': <clinit>> (0x00000000e7e9b6a0) thrown at [D:\src\AOSP-openjdk-cygwin\jdk8u\hotspot\src\share\vm\prims\jni.cpp, line 1613]
Event: 107.219 Thread 0x000000001958c000 Exception <a 'java/lang/NoSuchMethodError': <clinit>> (0x00000000e7eb2420) thrown at [D:\src\AOSP-openjdk-cygwin\jdk8u\hotspot\src\share\vm\prims\jni.cpp, line 1613]
Event: 107.241 Thread 0x000000001958c000 Exception <a 'java/lang/NoSuchMethodError': <clinit>> (0x00000000e7f2b100) thrown at [D:\src\AOSP-openjdk-cygwin\jdk8u\hotspot\src\share\vm\prims\jni.cpp, line 1613]
Event: 107.329 Thread 0x000000001958c000 Exception <a 'java/lang/NoSuchMethodError': <clinit>> (0x00000000e8133d58) thrown at [D:\src\AOSP-openjdk-cygwin\jdk8u\hotspot\src\share\vm\prims\jni.cpp, line 1613]
Event: 107.359 Thread 0x000000001958c000 Exception <a 'java/lang/NoSuchMethodError': <clinit>> (0x00000000e81d8520) thrown at [D:\src\AOSP-openjdk-cygwin\jdk8u\hotspot\src\share\vm\prims\jni.cpp, line 1613]
Event: 123.563 Thread 0x0000000019589800 Exception <a 'java/lang/NoSuchMethodError': <clinit>> (0x00000000ea241d28) thrown at [D:\src\AOSP-openjdk-cygwin\jdk8u\hotspot\src\share\vm\prims\jni.cpp, line 1613]
Event: 124.653 Thread 0x000000001958c000 Exception <a 'java/lang/NoSuchMethodError': java.lang.Object.newSystemTemporaryDirectory()Lcom/android/tools/build/apkzlib/bytestorage/TemporaryDirectory;> (0x00000000e865a5b8) thrown at [D:\src\AOSP-openjdk-cygwin\jdk8u\hotspot\src\share\vm\interpreter\l

Events (10 events):
Event: 129.536 Thread 0x00000000164d7800 flushing nmethod 0x00000000035eded0
Event: 129.536 Thread 0x00000000164d7800 flushing nmethod 0x00000000035f3410
Event: 129.536 Thread 0x00000000164d7800 flushing nmethod 0x00000000035f3b10
Event: 129.536 Thread 0x00000000164d7800 flushing nmethod 0x00000000035fc910
Event: 129.536 Thread 0x00000000164d7800 flushing nmethod 0x0000000003622650
Event: 129.536 Thread 0x00000000164d7800 flushing nmethod 0x000000000362c290
Event: 129.549 Thread 0x00000000164d7800 flushing nmethod 0x000000000416a650
Event: 129.551 Thread 0x00000000164d7800 flushing nmethod 0x00000000042f7c10
Event: 129.551 Thread 0x00000000164d7800 flushing nmethod 0x0000000004364690
Event: 129.551 Thread 0x00000000164d7800 flushing nmethod 0x000000000436b9d0


Dynamic libraries:
0x00007ff6a9b00000 - 0x00007ff6a9b31000 	C:\Program Files\Android\Android Studio\jre\bin\java.exe
0x00007ffa81600000 - 0x00007ffa817f0000 	C:\WINDOWS\SYSTEM32\ntdll.dll
0x00007ffa80cc0000 - 0x00007ffa80d72000 	C:\WINDOWS\System32\KERNEL32.DLL
0x00007ffa7f3d0000 - 0x00007ffa7f673000 	C:\WINDOWS\System32\KERNELBASE.dll
0x00007ffa80390000 - 0x00007ffa80433000 	C:\WINDOWS\System32\ADVAPI32.dll
0x00007ffa804a0000 - 0x00007ffa8053e000 	C:\WINDOWS\System32\msvcrt.dll
0x00007ffa80e30000 - 0x00007ffa80ec7000 	C:\WINDOWS\System32\sechost.dll
0x00007ffa809c0000 - 0x00007ffa80ae0000 	C:\WINDOWS\System32\RPCRT4.dll
0x00007ffa7f790000 - 0x00007ffa7f924000 	C:\WINDOWS\System32\USER32.dll
0x00007ffa7ea00000 - 0x00007ffa7ea21000 	C:\WINDOWS\System32\win32u.dll
0x00007ffa80100000 - 0x00007ffa80126000 	C:\WINDOWS\System32\GDI32.dll
0x00007ffa7e860000 - 0x00007ffa7e9f4000 	C:\WINDOWS\System32\gdi32full.dll
0x00007ffa7e670000 - 0x00007ffa7e70e000 	C:\WINDOWS\System32\msvcp_win.dll
0x00007ffa7f2d0000 - 0x00007ffa7f3ca000 	C:\WINDOWS\System32\ucrtbase.dll
0x00007ffa6f610000 - 0x00007ffa6f895000 	C:\WINDOWS\WinSxS\amd64_microsoft.windows.common-controls_6595b64144ccf1df_6.0.18362.778_none_e6c6b761130d4fb8\COMCTL32.dll
0x00007ffa7fcc0000 - 0x00007ffa7fff6000 	C:\WINDOWS\System32\combase.dll
0x00007ffa7f200000 - 0x00007ffa7f280000 	C:\WINDOWS\System32\bcryptPrimitives.dll
0x00007ffa80b40000 - 0x00007ffa80b6e000 	C:\WINDOWS\System32\IMM32.DLL
0x00000000692c0000 - 0x0000000069392000 	C:\Program Files\Android\Android Studio\jre\jre\bin\msvcr100.dll
0x0000000068250000 - 0x0000000068a91000 	C:\Program Files\Android\Android Studio\jre\jre\bin\server\jvm.dll
0x00007ffa80540000 - 0x00007ffa80548000 	C:\WINDOWS\System32\PSAPI.DLL
0x00007ffa73e30000 - 0x00007ffa73e39000 	C:\WINDOWS\SYSTEM32\WSOCK32.dll
0x00007ffa80b80000 - 0x00007ffa80bef000 	C:\WINDOWS\System32\WS2_32.dll
0x00007ffa7b100000 - 0x00007ffa7b124000 	C:\WINDOWS\SYSTEM32\WINMM.dll
0x00007ffa709a0000 - 0x00007ffa709aa000 	C:\WINDOWS\SYSTEM32\VERSION.dll
0x00007ffa7b0d0000 - 0x00007ffa7b0fd000 	C:\WINDOWS\SYSTEM32\WINMMBASE.dll
0x00007ffa7ea30000 - 0x00007ffa7ea7a000 	C:\WINDOWS\System32\cfgmgr32.dll
0x00007ffa738b0000 - 0x00007ffa738bf000 	C:\Program Files\Android\Android Studio\jre\jre\bin\verify.dll
0x00007ffa637e0000 - 0x00007ffa63809000 	C:\Program Files\Android\Android Studio\jre\jre\bin\java.dll
0x00007ffa64210000 - 0x00007ffa64226000 	C:\Program Files\Android\Android Studio\jre\jre\bin\zip.dll
0x00007ffa80ed0000 - 0x00007ffa815b5000 	C:\WINDOWS\System32\SHELL32.dll
0x00007ffa80130000 - 0x00007ffa801d9000 	C:\WINDOWS\System32\shcore.dll
0x00007ffa7ea80000 - 0x00007ffa7f200000 	C:\WINDOWS\System32\windows.storage.dll
0x00007ffa7e620000 - 0x00007ffa7e643000 	C:\WINDOWS\System32\profapi.dll
0x00007ffa7e5b0000 - 0x00007ffa7e5fa000 	C:\WINDOWS\System32\powrprof.dll
0x00007ffa7e5a0000 - 0x00007ffa7e5b0000 	C:\WINDOWS\System32\UMPDC.dll
0x00007ffa80ae0000 - 0x00007ffa80b32000 	C:\WINDOWS\System32\shlwapi.dll
0x00007ffa7e600000 - 0x00007ffa7e611000 	C:\WINDOWS\System32\kernel.appcore.dll
0x00007ffa7f2b0000 - 0x00007ffa7f2c7000 	C:\WINDOWS\System32\cryptsp.dll
0x00007ffa63da0000 - 0x00007ffa63dba000 	C:\Program Files\Android\Android Studio\jre\jre\bin\net.dll
0x00007ffa7de10000 - 0x00007ffa7de77000 	C:\WINDOWS\system32\mswsock.dll
0x00007ffa63d40000 - 0x00007ffa63d51000 	C:\Program Files\Android\Android Studio\jre\jre\bin\nio.dll
0x00007ffa73520000 - 0x00007ffa7353e000 	C:\Users\acer\.gradle\native\25\windows-amd64\native-platform.dll
0x00007ffa73470000 - 0x00007ffa7347d000 	C:\Program Files\Android\Android Studio\jre\jre\bin\management.dll
0x00007ffa7d980000 - 0x00007ffa7d9b3000 	C:\WINDOWS\system32\rsaenh.dll
0x00007ffa7f280000 - 0x00007ffa7f2a6000 	C:\WINDOWS\System32\bcrypt.dll
0x00007ffa7e490000 - 0x00007ffa7e4b5000 	C:\WINDOWS\SYSTEM32\USERENV.dll
0x00007ffa7dfe0000 - 0x00007ffa7dfec000 	C:\WINDOWS\SYSTEM32\CRYPTBASE.dll
0x00007ffa7db20000 - 0x00007ffa7db5a000 	C:\WINDOWS\SYSTEM32\IPHLPAPI.DLL
0x00007ffa800f0000 - 0x00007ffa800f8000 	C:\WINDOWS\System32\NSI.dll
0x00007ffa760f0000 - 0x00007ffa76106000 	C:\WINDOWS\SYSTEM32\dhcpcsvc6.DLL
0x00007ffa774f0000 - 0x00007ffa7750c000 	C:\WINDOWS\SYSTEM32\dhcpcsvc.DLL
0x00007ffa7db60000 - 0x00007ffa7dc2a000 	C:\WINDOWS\SYSTEM32\DNSAPI.dll

VM Arguments:
jvm_args: -Xmx1536m -Dfile.encoding=windows-1252 -Duser.country=US -Duser.language=en -Duser.variant 
java_command: org.gradle.launcher.daemon.bootstrap.GradleDaemon 5.1.1
java_class_path (initial): C:\Users\acer\.gradle\wrapper\dists\gradle-5.1.1-all\97z1ksx6lirer3kbvdnh7jtjg\gradle-5.1.1\lib\gradle-launcher-5.1.1.jar
Launcher Type: SUN_STANDARD

Environment Variables:
PATH=C:\WINDOWS\system32;C:\WINDOWS;C:\WINDOWS\System32\Wbem;C:\WINDOWS\System32\WindowsPowerShell\v1.0\;C:\WINDOWS\System32\OpenSSH\;C:\Program Files\Git\cmd;C:\xampp\php;C:\ProgramData\ComposerSetup\bin;C:\Users\acer\AppData\Local\Microsoft\WindowsApps;C:\Users\acer\AppData\Roaming\Composer\vendor\bin;C:\Users\acer\AppData\Local\Programs\Microsoft VS Code\bin
USERNAME=acer
OS=Windows_NT
PROCESSOR_IDENTIFIER=Intel64 Family 6 Model 37 Stepping 5, GenuineIntel



---------------  S Y S T E M  ---------------

OS: Windows 10.0 , 64 bit Build 18362 (10.0.18362.778)

CPU:total 4 (initial active 4) (2 cores per cpu, 2 threads per core) family 6 model 37 stepping 5, cmov, cx8, fxsr, mmx, sse, sse2, sse3, ssse3, sse4.1, sse4.2, popcnt, ht, tsc, tscinvbit

Memory: 4k page, physical 4905840k(258400k free), swap 5954416k(3184k free)

vm_info: OpenJDK 64-Bit Server VM (25.152-b01) for windows-amd64 JRE (1.8.0_152-release-1343-b01), built by "builder" with MS VC++ 10.0 (VS2010)

time: Tue May 05 05:03:22 2020
elapsed time: 130 seconds (0d 0h 2m 10s)

