#
# There is insufficient memory for the Java Runtime Environment to continue.
# Native memory allocation (malloc) failed to allocate 1048576 bytes for AllocateHeap
# Possible reasons:
#   The system is out of physical RAM or swap space
#   In 32 bit mode, the process size limit was hit
# Possible solutions:
#   Reduce memory load on the system
#   Increase physical memory or swap space
#   Check if swap backing store is full
#   Use 64 bit Java on a 64 bit OS
#   Decrease Java heap size (-Xmx/-Xms)
#   Decrease number of Java threads
#   Decrease Java thread stack sizes (-Xss)
#   Set larger code cache with -XX:ReservedCodeCacheSize=
# This output file may be truncated or incomplete.
#
#  Out of Memory Error (memory/allocation.inline.hpp:61), pid=7500, tid=0x00000000000014f8
#
# JRE version:  (8.0_152-b01) (build )
# Java VM: OpenJDK 64-Bit Server VM (25.152-b01 mixed mode windows-amd64 compressed oops)
# Failed to write core dump. Minidumps are not enabled by default on client versions of Windows
#

---------------  T H R E A D  ---------------

Current thread (0x0000000002d74000):  JavaThread "Unknown thread" [_thread_in_vm, id=5368, stack(0x0000000002bc0000,0x0000000002cc0000)]

Stack: [0x0000000002bc0000,0x0000000002cc0000]
[error occurred during error reporting (printing stack bounds), id 0xc0000005]

Native frames: (J=compiled Java code, j=interpreted, Vv=VM code, C=native code)


---------------  P R O C E S S  ---------------

Java Threads: ( => current thread )

Other Threads:

=>0x0000000002d74000 (exited) JavaThread "Unknown thread" [_thread_in_vm, id=5368, stack(0x0000000002bc0000,0x0000000002cc0000)]

VM state:not at safepoint (normal execution)

VM Mutex/Monitor currently owned by a thread: None

Heap:
 PSYoungGen      total 22528K, used 389K [0x00000000e7100000, 0x00000000e8a00000, 0x0000000100000000)
  eden space 19456K, 2% used [0x00000000e7100000,0x00000000e7161488,0x00000000e8400000)
  from space 3072K, 0% used [0x00000000e8700000,0x00000000e8700000,0x00000000e8a00000)
  to   space 3072K, 0% used [0x00000000e8400000,0x00000000e8400000,0x00000000e8700000)
 ParOldGen       total 52224K, used 0K [0x00000000b5200000, 0x00000000b8500000, 0x00000000e7100000)
  object space 52224K, 0% used [0x00000000b5200000,0x00000000b5200000,0x00000000b8500000)
 Metaspace       used 772K, capacity 4480K, committed 4480K, reserved 1056768K
  class space    used 73K, capacity 384K, committed 384K, reserved 1048576K

Card table byte_map: [0x0000000012230000,0x0000000012490000] byte_map_base: 0x0000000011c87000

Marking Bits: (ParMarkBitMap*) 0x0000000073525aa0
 Begin Bits: [0x0000000012a20000, 0x0000000013cd8000)
 End Bits:   [0x0000000013cd8000, 0x0000000014f90000)

Polling page: 0x0000000000bf0000

CodeCache: size=245760Kb used=327Kb max_used=327Kb free=245432Kb
 bounds [0x0000000002e70000, 0x00000000030e0000, 0x0000000011e70000]
 total_blobs=56 nmethods=0 adapters=38
 compilation: enabled

Compilation events (0 events):
No events

GC Heap History (0 events):
No events

Deoptimization events (0 events):
No events

Classes redefined (0 events):
No events

Internal exceptions (0 events):
No events

Events (10 events):
Event: 0.082 loading class java/lang/Short
Event: 0.082 loading class java/lang/Short done
Event: 0.082 loading class java/lang/Integer
Event: 0.082 loading class java/lang/Integer done
Event: 0.082 loading class java/lang/Long
Event: 0.082 loading class java/lang/Long done
Event: 0.086 loading class java/lang/NullPointerException
Event: 0.086 loading class java/lang/NullPointerException done
Event: 0.086 loading class java/lang/ArithmeticException
Event: 0.086 loading class java/lang/ArithmeticException done


Dynamic libraries:
0x00007ff732090000 - 0x00007ff7320c1000 	C:\Program Files\Android\Android Studio\jre\jre\bin\java.exe
0x00007ffaa0520000 - 0x00007ffaa0710000 	C:\WINDOWS\SYSTEM32\ntdll.dll
0x00007ffa9f100000 - 0x00007ffa9f1b2000 	C:\WINDOWS\System32\KERNEL32.DLL
0x00007ffa9e3a0000 - 0x00007ffa9e643000 	C:\WINDOWS\System32\KERNELBASE.dll
0x00007ffa9f430000 - 0x00007ffa9f4d3000 	C:\WINDOWS\System32\ADVAPI32.dll
0x00007ffa9ed30000 - 0x00007ffa9edce000 	C:\WINDOWS\System32\msvcrt.dll
0x00007ffa9ff60000 - 0x00007ffa9fff7000 	C:\WINDOWS\System32\sechost.dll
0x00007ffaa03c0000 - 0x00007ffaa04e0000 	C:\WINDOWS\System32\RPCRT4.dll
0x00007ffa9e6c0000 - 0x00007ffa9e854000 	C:\WINDOWS\System32\USER32.dll
0x00007ffa9e150000 - 0x00007ffa9e171000 	C:\WINDOWS\System32\win32u.dll
0x00007ffa9e890000 - 0x00007ffa9e8b6000 	C:\WINDOWS\System32\GDI32.dll
0x00007ffa9e180000 - 0x00007ffa9e314000 	C:\WINDOWS\System32\gdi32full.dll
0x00007ffa9e060000 - 0x00007ffa9e0fe000 	C:\WINDOWS\System32\msvcp_win.dll
0x00007ffa9d550000 - 0x00007ffa9d64a000 	C:\WINDOWS\System32\ucrtbase.dll
0x00007ffa8c1b0000 - 0x00007ffa8c435000 	C:\WINDOWS\WinSxS\amd64_microsoft.windows.common-controls_6595b64144ccf1df_6.0.18362.778_none_e6c6b761130d4fb8\COMCTL32.dll
0x00007ffaa0000000 - 0x00007ffaa0336000 	C:\WINDOWS\System32\combase.dll
0x00007ffa9e320000 - 0x00007ffa9e3a0000 	C:\WINDOWS\System32\bcryptPrimitives.dll
0x00007ffa9e860000 - 0x00007ffa9e88e000 	C:\WINDOWS\System32\IMM32.DLL
0x0000000073a20000 - 0x0000000073af2000 	C:\Program Files\Android\Android Studio\jre\jre\bin\msvcr100.dll
0x0000000072d60000 - 0x00000000735a1000 	C:\Program Files\Android\Android Studio\jre\jre\bin\server\jvm.dll
0x00007ffa9fbe0000 - 0x00007ffa9fbe8000 	C:\WINDOWS\System32\PSAPI.DLL
0x00007ffa99df0000 - 0x00007ffa99df9000 	C:\WINDOWS\SYSTEM32\WSOCK32.dll
0x00007ffa9e650000 - 0x00007ffa9e6bf000 	C:\WINDOWS\System32\WS2_32.dll
0x00007ffa9af80000 - 0x00007ffa9afa4000 	C:\WINDOWS\SYSTEM32\WINMM.dll
0x00007ffa92ff0000 - 0x00007ffa92ffa000 	C:\WINDOWS\SYSTEM32\VERSION.dll
0x00007ffa9af50000 - 0x00007ffa9af7d000 	C:\WINDOWS\SYSTEM32\WINMMBASE.dll
0x00007ffa9e100000 - 0x00007ffa9e14a000 	C:\WINDOWS\System32\cfgmgr32.dll
0x00007ffa99de0000 - 0x00007ffa99def000 	C:\Program Files\Android\Android Studio\jre\jre\bin\verify.dll
0x00007ffa8fc80000 - 0x00007ffa8fca9000 	C:\Program Files\Android\Android Studio\jre\jre\bin\java.dll
0x00007ffa86330000 - 0x00007ffa86346000 	C:\Program Files\Android\Android Studio\jre\jre\bin\zip.dll

VM Arguments:
java_command: org.jetbrains.kotlin.cli.jvm.K2JVMCompiler -Xadd-compiler-builtins -Xbuild-file=C:\Users\acer\AppData\Local\Temp\kjps7983289993141287420app_debug.script.xml -classpath C:\Users\acer\.gradle\caches\modules-2\files-2.1\org.jetbrains.kotlin\kotlin-android-extensions-runtime\1.3.31\721b62ccbafe51a284ca0d1c5dcfdce8cedd4255\kotlin-android-extensions-runtime-1.3.31.jar;C:\Users\acer\.gradle\caches\modules-2\files-2.1\org.jetbrains.kotlin\kotlin-stdlib-jdk7\1.3.31\e652770b6416c6d85934086899ffed3eccd35813\kotlin-stdlib-jdk7-1.3.31.jar;C:\Users\acer\.gradle\caches\transforms-2\files-2.1\996f14fa202d196c607d56b0931b00e8\jars\classes.jar;C:\Users\acer\.gradle\caches\modules-2\files-2.1\org.jetbrains.kotlin\kotlin-stdlib\1.3.41\e24bd38de28a326cce8b1f0d61e809e9a92dad6a\kotlin-stdlib-1.3.41.jar;C:\Users\acer\.gradle\caches\modules-2\files-2.1\org.jetbrains.kotlin\kotlin-stdlib-common\1.3.41\2ecf4aa059427d7186312fd1736afedf7972e7f7\kotlin-stdlib-common-1.3.41.jar;C:\Users\acer\.gradle\caches\modules-2\files-2.1\org.jetbrains\annotations\13.0\919f0dfe192fb4e063e7dacadee7f8bb9a2672a9\annotations-13.0.jar;C:\Users\acer\.gradle\caches\transforms-2\files-2.1\107ee1f4c32665abc6a47ee6aa10e346\jars\classes.jar;C:\Users\acer\.gradle\caches\transforms-2\files-2.1\4114ede62a088422f8250bc7516f4ab1\jars\classes.jar;C:\Users\acer\.gradle\caches\transforms-2\files-2.1\f9dc1db3cda5ff3e89ffcaf02e8582ae\jars\classes.jar;C:\Users\acer\.gradle\caches\transforms-2\files-2.1\2add26ee6334e1f7b1c5075e6ca490b7\jars\classes.jar;C:\Users\acer\.gradle\caches\transforms-2\files-2.1\282ca3aa996a9c3c31d3c32795b03497\jars\classes.jar;C:\Users\acer\.gradle\caches\transforms-2\files-2.1\e63353019b5b9a710e0c34f10b9ac83e\jars\classes.jar;C:\Users\acer\.gradle\caches\transforms-2\files-2.1\a4fba0a9a31092296f5a4eb1380b45ad\jars\classes.jar;C:\Users\acer\.gradle\caches\transforms-2\files-2.1\59c0ef47ed1fe8e3409efbc966640951\jars\classes.jar;C:\Users\acer\.gradle\caches\transforms-2\files-2.1\9f527926f34c
java_class_path (initial): C:\Users\acer\.gradle\caches\modules-2\files-2.1\org.jetbrains.kotlin\kotlin-compiler-embeddable\1.3.31\965ef6d9abe1555cc5d0a34dd24ce93b49123e7c\kotlin-compiler-embeddable-1.3.31.jar;C:\Users\acer\.gradle\caches\modules-2\files-2.1\org.jetbrains.kotlin\kotlin-reflect\1.3.31\5a426a5ada97967ca60fba495eeaa66cfa7c9e2f\kotlin-reflect-1.3.31.jar;C:\Users\acer\.gradle\caches\modules-2\files-2.1\org.jetbrains.kotlin\kotlin-stdlib\1.3.31\11289d20fd95ae219333f3456072be9f081c30cc\kotlin-stdlib-1.3.31.jar;C:\Users\acer\.gradle\caches\modules-2\files-2.1\org.jetbrains.kotlin\kotlin-script-runtime\1.3.31\e63e9d1a9ddb5f43ac72115de992aed8eb938cb5\kotlin-script-runtime-1.3.31.jar;C:\Users\acer\.gradle\caches\modules-2\files-2.1\org.jetbrains.intellij.deps\trove4j\1.0.20181211\216c2e14b070f334479d800987affe4054cd563f\trove4j-1.0.20181211.jar;C:\Users\acer\.gradle\caches\modules-2\files-2.1\org.jetbrains.kotlin\kotlin-stdlib-common\1.3.31\20c34a04ea25cb1ef0139598bd67c764562cb170\kotlin-stdlib-common-1.3.31.jar;C:\Users\acer\.gradle\caches\modules-2\files-2.1\org.jetbrains\annotations\13.0\919f0dfe192fb4e063e7dacadee7f8bb9a2672a9\annotations-13.0.jar;C:\Program Files\Android\Android Studio\jre\lib\tools.jar
Launcher Type: SUN_STANDARD

Environment Variables:
PATH=C:\WINDOWS\system32;C:\WINDOWS;C:\WINDOWS\System32\Wbem;C:\WINDOWS\System32\WindowsPowerShell\v1.0\;C:\WINDOWS\System32\OpenSSH\;C:\Program Files\Git\cmd;C:\xampp\php;C:\ProgramData\ComposerSetup\bin;C:\Users\acer\AppData\Local\Microsoft\WindowsApps;C:\Users\acer\AppData\Roaming\Composer\vendor\bin;C:\Users\acer\AppData\Local\Programs\Microsoft VS Code\bin
USERNAME=acer
OS=Windows_NT
PROCESSOR_IDENTIFIER=Intel64 Family 6 Model 37 Stepping 5, GenuineIntel



---------------  S Y S T E M  ---------------

OS: Windows 10.0 , 64 bit Build 18362 (10.0.18362.778)

CPU:total 4 (initial active 4) (2 cores per cpu, 2 threads per core) family 6 model 37 stepping 5, cmov, cx8, fxsr, mmx, sse, sse2, sse3, ssse3, sse4.1, sse4.2, popcnt, ht, tsc, tscinvbit

Memory: 4k page, physical 4905840k(340268k free), swap 5954416k(6340k free)

vm_info: OpenJDK 64-Bit Server VM (25.152-b01) for windows-amd64 JRE (1.8.0_152-release-1343-b01), built by "builder" with MS VC++ 10.0 (VS2010)

time: Sun May 03 06:50:31 2020
elapsed time: 0 seconds (0d 0h 0m 0s)

